<?xml version="1.0" encoding="UTF-8"?>
<robot generator="Robot 3.1.2 (Python 3.7.2 on win32)" generated="20190923 15:50:39.164" rpa="false">
<suite id="s1" name="Assesment Ttninja" source="C:\Users\gs-1637\PycharmProjects\robotassesment_23_09\assesment_ttninja.robot">
<test id="s1-t1" name="TC_01_tutorial ninja">
<kw name="open automate" library="keyword">
<kw name="Open Browser" library="SeleniumLibrary">
<doc>Opens a new browser instance to the given ``url``.</doc>
<arguments>
<arg>http://tutorialsninja.com/demo/</arg>
<arg>Chrome</arg>
</arguments>
<msg timestamp="20190923 15:50:39.695" level="INFO">Opening browser 'Chrome' to base url 'http://tutorialsninja.com/demo/'.</msg>
<status status="PASS" starttime="20190923 15:50:39.695" endtime="20190923 15:50:50.905"></status>
</kw>
<kw name="Set Browser Implicit Wait" library="SeleniumLibrary">
<doc>Sets the implicit wait value used by Selenium.</doc>
<arguments>
<arg>10</arg>
</arguments>
<status status="PASS" starttime="20190923 15:50:50.906" endtime="20190923 15:50:50.912"></status>
</kw>
<kw name="Maximize Browser Window" library="SeleniumLibrary">
<doc>Maximizes current browser window.</doc>
<status status="PASS" starttime="20190923 15:50:50.912" endtime="20190923 15:50:52.084"></status>
</kw>
<status status="PASS" starttime="20190923 15:50:39.695" endtime="20190923 15:50:52.085"></status>
</kw>
<kw name="Click Element" library="SeleniumLibrary">
<doc>Click element identified by ``locator``.</doc>
<arguments>
<arg>${myacc}</arg>
</arguments>
<msg timestamp="20190923 15:50:52.086" level="INFO">Clicking element '//*[@class="hidden-xs hidden-sm hidden-md" and text() = "My Account"]'.</msg>
<status status="PASS" starttime="20190923 15:50:52.085" endtime="20190923 15:50:52.199"></status>
</kw>
<kw name="Click Element" library="SeleniumLibrary">
<doc>Click element identified by ``locator``.</doc>
<arguments>
<arg>${reg}</arg>
</arguments>
<msg timestamp="20190923 15:50:52.199" level="INFO">Clicking element '//a[contains(text(),'Register')]'.</msg>
<status status="PASS" starttime="20190923 15:50:52.199" endtime="20190923 15:50:54.158"></status>
</kw>
<kw name="Input Text" library="SeleniumLibrary">
<doc>Types the given ``text`` into text field identified by ``locator``.</doc>
<arguments>
<arg>${fn}</arg>
<arg>Vikram</arg>
</arguments>
<msg timestamp="20190923 15:50:54.159" level="INFO">Typing text 'Vikram' into text field 'input-firstname'.</msg>
<status status="PASS" starttime="20190923 15:50:54.158" endtime="20190923 15:50:54.261"></status>
</kw>
<kw name="Input Text" library="SeleniumLibrary">
<doc>Types the given ``text`` into text field identified by ``locator``.</doc>
<arguments>
<arg>${ln}</arg>
<arg>Sharma</arg>
</arguments>
<msg timestamp="20190923 15:50:54.262" level="INFO">Typing text 'Sharma' into text field 'input-lastname'.</msg>
<status status="PASS" starttime="20190923 15:50:54.262" endtime="20190923 15:50:54.359"></status>
</kw>
<kw name="Input Text" library="SeleniumLibrary">
<doc>Types the given ``text`` into text field identified by ``locator``.</doc>
<arguments>
<arg>${eml}</arg>
<arg>${email_id}</arg>
</arguments>
<msg timestamp="20190923 15:50:54.360" level="INFO">Typing text 'vikram.sharma151@gslab.com' into text field 'input-email'.</msg>
<status status="PASS" starttime="20190923 15:50:54.360" endtime="20190923 15:50:54.525"></status>
</kw>
<kw name="Input Text" library="SeleniumLibrary">
<doc>Types the given ``text`` into text field identified by ``locator``.</doc>
<arguments>
<arg>${tel}</arg>
<arg>9970690014</arg>
</arguments>
<msg timestamp="20190923 15:50:54.525" level="INFO">Typing text '9970690014' into text field 'input-telephone'.</msg>
<status status="PASS" starttime="20190923 15:50:54.525" endtime="20190923 15:50:54.623"></status>
</kw>
<kw name="Execute Javascript" library="SeleniumLibrary">
<doc>Executes the given JavaScript code with possible arguments.</doc>
<arguments>
<arg>window.scrollTo(0,500)</arg>
</arguments>
<msg timestamp="20190923 15:50:54.625" level="INFO">Executing JavaScript:
window.scrollTo(0,500)
Without any arguments.</msg>
<status status="PASS" starttime="20190923 15:50:54.624" endtime="20190923 15:50:54.630"></status>
</kw>
<kw name="Input Text" library="SeleniumLibrary">
<doc>Types the given ``text`` into text field identified by ``locator``.</doc>
<arguments>
<arg>${passwd}</arg>
<arg>${password}</arg>
</arguments>
<msg timestamp="20190923 15:50:54.631" level="INFO">Typing text 'Vikram@123' into text field 'input-password'.</msg>
<status status="PASS" starttime="20190923 15:50:54.631" endtime="20190923 15:50:54.743"></status>
</kw>
<kw name="Input Text" library="SeleniumLibrary">
<doc>Types the given ``text`` into text field identified by ``locator``.</doc>
<arguments>
<arg>${cnf}</arg>
<arg>${password}</arg>
</arguments>
<msg timestamp="20190923 15:50:54.744" level="INFO">Typing text 'Vikram@123' into text field 'input-confirm'.</msg>
<status status="PASS" starttime="20190923 15:50:54.744" endtime="20190923 15:50:54.847"></status>
</kw>
<kw name="Select Checkbox" library="SeleniumLibrary">
<doc>Selects checkbox identified by ``locator``.</doc>
<arguments>
<arg>${agr}</arg>
</arguments>
<msg timestamp="20190923 15:50:54.848" level="INFO">Selecting checkbox '//input[@name='agree']'.</msg>
<status status="PASS" starttime="20190923 15:50:54.848" endtime="20190923 15:50:54.929"></status>
</kw>
<kw name="Click Element" library="SeleniumLibrary">
<doc>Click element identified by ``locator``.</doc>
<arguments>
<arg>${bprim}</arg>
</arguments>
<msg timestamp="20190923 15:50:54.930" level="INFO">Clicking element '//input[@class='btn btn-primary']'.</msg>
<status status="PASS" starttime="20190923 15:50:54.929" endtime="20190923 15:50:55.539"></status>
</kw>
<kw name="Get Text" library="SeleniumLibrary">
<doc>Returns the text value of element identified by ``locator``.</doc>
<arguments>
<arg>${txtveri}</arg>
</arguments>
<assign>
<var>${texttoverify}</var>
</assign>
<kw name="Capture Page Screenshot" library="SeleniumLibrary">
<doc>Takes screenshot of the current page and embeds it into log file.</doc>
<msg timestamp="20190923 15:50:58.166" level="FAIL">NoSuchWindowException: Message: no such window: target window already closed
from unknown error: web view not found
  (Session info: chrome=76.0.3809.132)
</msg>
<status status="FAIL" starttime="20190923 15:50:58.159" endtime="20190923 15:50:58.166"></status>
</kw>
<msg timestamp="20190923 15:50:58.166" level="WARN">Keyword 'Capture Page Screenshot' could not be run on failure: NoSuchWindowException: Message: no such window: target window already closed
from unknown error: web view not found
  (Session info: chrome=76.0.3809.132)
</msg>
<msg timestamp="20190923 15:50:58.173" level="FAIL">Element with locator '//p[contains(text(),'Congratulations! Your new account has been success')]' not found.</msg>
<status status="FAIL" starttime="20190923 15:50:55.539" endtime="20190923 15:50:58.173"></status>
</kw>
<status status="FAIL" starttime="20190923 15:50:39.694" endtime="20190923 15:50:58.173" critical="yes">Element with locator '//p[contains(text(),'Congratulations! Your new account has been success')]' not found.</status>
</test>
<status status="FAIL" starttime="20190923 15:50:39.172" endtime="20190923 15:50:58.175"></status>
</suite>
<statistics>
<total>
<stat pass="0" fail="1">Critical Tests</stat>
<stat pass="0" fail="1">All Tests</stat>
</total>
<tag>
</tag>
<suite>
<stat pass="0" fail="1" id="s1" name="Assesment Ttninja">Assesment Ttninja</stat>
</suite>
</statistics>
<errors>
<msg timestamp="20190923 15:50:58.166" level="WARN">Keyword 'Capture Page Screenshot' could not be run on failure: NoSuchWindowException: Message: no such window: target window already closed
from unknown error: web view not found
  (Session info: chrome=76.0.3809.132)
</msg>
</errors>
</robot>
